[debug] [2023-08-15T21:14:30.245Z] ----------------------------------------------------------------------
[debug] [2023-08-15T21:14:30.248Z] Command:       C:\Program Files\nodejs\node.exe C:\Users\ykassa\AppData\Roaming\npm\node_modules\firebase-tools\lib\bin\firebase.js emulators:start
[debug] [2023-08-15T21:14:30.249Z] CLI Version:   12.4.7
[debug] [2023-08-15T21:14:30.249Z] Platform:      win32
[debug] [2023-08-15T21:14:30.250Z] Node Version:  v18.16.0
[debug] [2023-08-15T21:14:30.253Z] Time:          Tue Aug 15 2023 17:14:30 GMT-0400 (Eastern Daylight Time)
[debug] [2023-08-15T21:14:30.253Z] ----------------------------------------------------------------------
[debug] 
[debug] [2023-08-15T21:14:30.408Z] > command requires scopes: ["email","openid","https://www.googleapis.com/auth/cloudplatformprojects.readonly","https://www.googleapis.com/auth/firebase","https://www.googleapis.com/auth/cloud-platform"]
[debug] [2023-08-15T21:14:30.409Z] > authorizing via signed-in user (yosephkas@gmail.com)
[info] i  emulators: Starting emulators: functions {"metadata":{"emulator":{"name":"hub"},"message":"Starting emulators: functions"}}
[debug] [2023-08-15T21:14:30.418Z] [logging] Logging Emulator only supports listening on one address (127.0.0.1). Not listening on ::1
[debug] [2023-08-15T21:14:30.418Z] assigned listening specs for emulators {"user":{"hub":[{"address":"127.0.0.1","family":"IPv4","port":4400},{"address":"::1","family":"IPv6","port":4400}],"ui":[{"address":"127.0.0.1","family":"IPv4","port":4000},{"address":"::1","family":"IPv6","port":4000}],"logging":[{"address":"127.0.0.1","family":"IPv4","port":4500}]},"metadata":{"message":"assigned listening specs for emulators"}}
[debug] [2023-08-15T21:14:30.435Z] [hub] writing locator at C:\Users\ykassa\AppData\Local\Temp\hub-clone-c66fe.json
[debug] [2023-08-15T21:14:30.460Z] [functions] Functions Emulator only supports listening on one address (127.0.0.1). Not listening on ::1
[debug] [2023-08-15T21:14:30.461Z] [eventarc] Eventarc Emulator only supports listening on one address (127.0.0.1). Not listening on ::1
[debug] [2023-08-15T21:14:30.461Z] late-assigned ports for functions and eventarc emulators {"user":{"hub":[{"address":"127.0.0.1","family":"IPv4","port":4400},{"address":"::1","family":"IPv6","port":4400}],"ui":[{"address":"127.0.0.1","family":"IPv4","port":4000},{"address":"::1","family":"IPv6","port":4000}],"logging":[{"address":"127.0.0.1","family":"IPv4","port":4500}],"functions":[{"address":"127.0.0.1","family":"IPv4","port":5001}],"eventarc":[{"address":"127.0.0.1","family":"IPv4","port":9299}]},"metadata":{"message":"late-assigned ports for functions and eventarc emulators"}}
[warn] !  functions: The following emulators are not running, calls to these services from the Functions emulator will affect production: auth, firestore, database, hosting, pubsub, storage {"metadata":{"emulator":{"name":"functions"},"message":"The following emulators are not running, calls to these services from the Functions emulator will affect production: \u001b[1mauth, firestore, database, hosting, pubsub, storage\u001b[22m"}}
[debug] [2023-08-15T21:14:30.471Z] defaultcredentials: writing to file C:\Users\ykassa\AppData\Roaming\firebase\yosephkas_gmail_com_application_default_credentials.json
[debug] [2023-08-15T21:14:30.475Z] Setting GAC to C:\Users\ykassa\AppData\Roaming\firebase\yosephkas_gmail_com_application_default_credentials.json {"metadata":{"emulator":{"name":"functions"},"message":"Setting GAC to C:\\Users\\ykassa\\AppData\\Roaming\\firebase\\yosephkas_gmail_com_application_default_credentials.json"}}
[debug] [2023-08-15T21:14:30.478Z] >>> [apiv2][query] GET https://firebase.googleapis.com/v1beta1/projects/clone-c66fe/adminSdkConfig [none]
[debug] [2023-08-15T21:14:30.754Z] <<< [apiv2][status] GET https://firebase.googleapis.com/v1beta1/projects/clone-c66fe/adminSdkConfig 200
[debug] [2023-08-15T21:14:30.754Z] <<< [apiv2][body] GET https://firebase.googleapis.com/v1beta1/projects/clone-c66fe/adminSdkConfig {"projectId":"clone-c66fe","storageBucket":"clone-c66fe.appspot.com"}
[debug] [2023-08-15T21:14:30.808Z] Ignoring unsupported arg: auto_download {"metadata":{"emulator":{"name":"ui"},"message":"Ignoring unsupported arg: auto_download"}}
[debug] [2023-08-15T21:14:30.808Z] Ignoring unsupported arg: port {"metadata":{"emulator":{"name":"ui"},"message":"Ignoring unsupported arg: port"}}
[debug] [2023-08-15T21:14:30.808Z] Starting Emulator UI with command {"binary":"node","args":["C:\\Users\\ykassa\\.cache\\firebase\\emulators\\ui-v1.11.7\\server\\server.js"],"optionalArgs":[],"joinArgs":false} {"metadata":{"emulator":{"name":"ui"},"message":"Starting Emulator UI with command {\"binary\":\"node\",\"args\":[\"C:\\\\Users\\\\ykassa\\\\.cache\\\\firebase\\\\emulators\\\\ui-v1.11.7\\\\server\\\\server.js\"],\"optionalArgs\":[],\"joinArgs\":false}"}}
[info] i  ui: Emulator UI logging to ui-debug.log {"metadata":{"emulator":{"name":"ui"},"message":"Emulator UI logging to \u001b[1mui-debug.log\u001b[22m"}}
[debug] [2023-08-15T21:14:30.978Z] Web / API server started at 127.0.0.1:4000
 {"metadata":{"emulator":{"name":"ui"},"message":"Web / API server started at 127.0.0.1:4000\n"}}
[debug] [2023-08-15T21:14:30.979Z] Web / API server started at ::1:4000
 {"metadata":{"emulator":{"name":"ui"},"message":"Web / API server started at ::1:4000\n"}}
[info] i  functions: Watching "C:\Users\ykassa\Desktop\Yoseph\amazon\functions" for Cloud Functions... {"metadata":{"emulator":{"name":"functions"},"message":"Watching \"C:\\Users\\ykassa\\Desktop\\Yoseph\\amazon\\functions\" for Cloud Functions..."}}
[debug] [2023-08-15T21:14:31.096Z] Validating nodejs source
[debug] [2023-08-15T21:14:34.617Z] > [functions] package.json contents: {
  "name": "functions",
  "description": "Cloud Functions for Firebase",
  "scripts": {
    "serve": "firebase emulators:start --only functions",
    "shell": "firebase functions:shell",
    "start": "npm run shell",
    "deploy": "firebase deploy --only functions",
    "logs": "firebase functions:log"
  },
  "engines": {
    "node": "18"
  },
  "main": "index.js",
  "dependencies": {
    "cors": "^2.8.5",
    "dotenv": "^16.3.1",
    "express": "^4.18.2",
    "firebase-admin": "^11.8.0",
    "firebase-functions": "^4.3.1",
    "stripe": "^12.18.0"
  },
  "devDependencies": {
    "firebase-functions-test": "^3.1.0"
  },
  "private": true
}
[debug] [2023-08-15T21:14:34.617Z] Building nodejs source
[debug] [2023-08-15T21:14:34.618Z] Failed to find version of module node: reached end of search path C:\Users\ykassa\Desktop\Yoseph\amazon\functions\node_modules
[info] +  functions: Using node@18 from host. 
[info] i  functions: Loaded environment variables from .env. 
[debug] [2023-08-15T21:14:34.623Z] Could not find functions.yaml. Must use http discovery
[debug] [2023-08-15T21:14:34.626Z] Found firebase-functions binary at 'C:\Users\ykassa\Desktop\Yoseph\amazon\functions\node_modules\.bin\firebase-functions'
[info] Serving at port 8849

[debug] [2023-08-15T21:14:36.064Z] Got response from /__/functions.yaml {"endpoints":{"api":{"platform":"gcfv1","availableMemoryMb":null,"timeoutSeconds":null,"minInstances":null,"maxInstances":null,"ingressSettings":null,"serviceAccountEmail":null,"vpc":null,"httpsTrigger":{},"entryPoint":"api"}},"specVersion":"v1alpha1","requiredAPIs":[]}
[info] shutdown requested via /__/quitquitquit

[info] +  functions: Loaded functions definitions from source: api. {"metadata":{"emulator":{"name":"functions"},"message":"Loaded functions definitions from source: api."}}
[info] +  functions[us-central1-api]: http function initialized (http://127.0.0.1:5001/clone-c66fe/us-central1/api). {"metadata":{"emulator":{"name":"functions"},"message":"\u001b[1mhttp\u001b[22m function initialized (http://127.0.0.1:5001/clone-c66fe/us-central1/api)."}}
[info] 
┌─────────────────────────────────────────────────────────────┐
│ ✔  All emulators ready! It is now safe to connect your app. │
│ i  View Emulator UI at http://127.0.0.1:4000/               │
└─────────────────────────────────────────────────────────────┘

┌───────────┬────────────────┬─────────────────────────────────┐
│ Emulator  │ Host:Port      │ View in Emulator UI             │
├───────────┼────────────────┼─────────────────────────────────┤
│ Functions │ 127.0.0.1:5001 │ http://127.0.0.1:4000/functions │
└───────────┴────────────────┴─────────────────────────────────┘
  Emulator Hub running at 127.0.0.1:4400
  Other reserved ports: 4500

Issues? Report them at https://github.com/firebase/firebase-tools/issues and attach the *-debug.log files.
 
[debug] [2023-08-15T21:16:28.170Z] [work-queue] {"queuedWork":["/clone-c66fe/us-central1/api/payments/create-2023-08-15T21:16:28.170Z"],"queueLength":1,"runningWork":[],"workRunningCount":0}
[debug] [2023-08-15T21:16:28.171Z] [work-queue] {"queuedWork":[],"queueLength":0,"runningWork":["/clone-c66fe/us-central1/api/payments/create-2023-08-15T21:16:28.170Z"],"workRunningCount":1}
[debug] [2023-08-15T21:16:28.172Z] Accepted request POST /clone-c66fe/us-central1/api/payments/create?total=109498 --> us-central1-api
[debug] [2023-08-15T21:16:28.179Z] [functions] Runtime ready! Sending request! {"metadata":{"emulator":{"name":"functions"},"message":"[functions] Runtime ready! Sending request!"}}
[debug] [2023-08-15T21:16:28.180Z] [functions] Got req.url=/clone-c66fe/us-central1/api/payments/create?total=109498, mapping to path=/payments/create?total=109498 {"metadata":{"emulator":{"name":"functions"},"message":"[functions] Got req.url=/clone-c66fe/us-central1/api/payments/create?total=109498, mapping to path=/payments/create?total=109498"}}
[info] i  functions: Loaded environment variables from .env. 
[debug] [2023-08-15T21:16:28.207Z] [worker-pool] addWorker(us-central1-api) {"metadata":{"emulator":{"name":"functions"},"message":"[worker-pool] addWorker(us-central1-api)"}}
[debug] [2023-08-15T21:16:28.209Z] [worker-pool] Adding worker with key us-central1-api, total=1 {"metadata":{"emulator":{"name":"functions"},"message":"[worker-pool] Adding worker with key us-central1-api, total=1"}}
[debug] [2023-08-15T21:16:28.216Z] [work-queue] {"queuedWork":["/clone-c66fe/us-central1/api/payments/create-2023-08-15T21:16:28.216Z"],"queueLength":1,"runningWork":["/clone-c66fe/us-central1/api/payments/create-2023-08-15T21:16:28.170Z"],"workRunningCount":1}
[debug] [2023-08-15T21:16:28.216Z] [work-queue] {"queuedWork":[],"queueLength":0,"runningWork":["/clone-c66fe/us-central1/api/payments/create-2023-08-15T21:16:28.170Z","/clone-c66fe/us-central1/api/payments/create-2023-08-15T21:16:28.216Z"],"workRunningCount":2}
[debug] [2023-08-15T21:16:28.217Z] Accepted request POST /clone-c66fe/us-central1/api/payments/create?total=109498 --> us-central1-api
[debug] [2023-08-15T21:16:28.222Z] [functions] Runtime ready! Sending request! {"metadata":{"emulator":{"name":"functions"},"message":"[functions] Runtime ready! Sending request!"}}
[debug] [2023-08-15T21:16:28.222Z] [functions] Got req.url=/clone-c66fe/us-central1/api/payments/create?total=109498, mapping to path=/payments/create?total=109498 {"metadata":{"emulator":{"name":"functions"},"message":"[functions] Got req.url=/clone-c66fe/us-central1/api/payments/create?total=109498, mapping to path=/payments/create?total=109498"}}
[info] i  functions: Loaded environment variables from .env. 
[debug] [2023-08-15T21:16:28.247Z] [worker-pool] addWorker(us-central1-api) {"metadata":{"emulator":{"name":"functions"},"message":"[worker-pool] addWorker(us-central1-api)"}}
[debug] [2023-08-15T21:16:28.248Z] [worker-pool] Adding worker with key us-central1-api, total=2 {"metadata":{"emulator":{"name":"functions"},"message":"[worker-pool] Adding worker with key us-central1-api, total=2"}}
[debug] [2023-08-15T21:16:31.481Z] [runtime-status] [21144] Resolved module firebase-admin {"declared":true,"installed":true,"version":"11.10.1","resolution":"C:\\Users\\ykassa\\Desktop\\Yoseph\\amazon\\functions\\node_modules\\firebase-admin\\lib\\index.js"} {"metadata":{"emulator":{"name":"functions"},"function":{"name":"us-central1-api"},"extension":{},"message":"[runtime-status] [21144] Resolved module firebase-admin {\"declared\":true,\"installed\":true,\"version\":\"11.10.1\",\"resolution\":\"C:\\\\Users\\\\ykassa\\\\Desktop\\\\Yoseph\\\\amazon\\\\functions\\\\node_modules\\\\firebase-admin\\\\lib\\\\index.js\"}"}}
[debug] [2023-08-15T21:16:31.485Z] [runtime-status] [21144] Resolved module firebase-functions {"declared":true,"installed":true,"version":"4.4.1","resolution":"C:\\Users\\ykassa\\Desktop\\Yoseph\\amazon\\functions\\node_modules\\firebase-functions\\lib\\v1\\index.js"} {"metadata":{"emulator":{"name":"functions"},"function":{"name":"us-central1-api"},"extension":{},"message":"[runtime-status] [21144] Resolved module firebase-functions {\"declared\":true,\"installed\":true,\"version\":\"4.4.1\",\"resolution\":\"C:\\\\Users\\\\ykassa\\\\Desktop\\\\Yoseph\\\\amazon\\\\functions\\\\node_modules\\\\firebase-functions\\\\lib\\\\v1\\\\index.js\"}"}}
[debug] [2023-08-15T21:16:31.486Z] [runtime-status] [21144] Outgoing network have been stubbed. [{"name":"http","status":"mocked"},{"name":"http","status":"mocked"},{"name":"https","status":"mocked"},{"name":"https","status":"mocked"},{"name":"net","status":"mocked"}] {"metadata":{"emulator":{"name":"functions"},"function":{"name":"us-central1-api"},"extension":{},"message":"[runtime-status] [21144] Outgoing network have been stubbed. [{\"name\":\"http\",\"status\":\"mocked\"},{\"name\":\"http\",\"status\":\"mocked\"},{\"name\":\"https\",\"status\":\"mocked\"},{\"name\":\"https\",\"status\":\"mocked\"},{\"name\":\"net\",\"status\":\"mocked\"}]"}}
[debug] [2023-08-15T21:16:31.488Z] [runtime-status] [21144] Resolved module firebase-functions {"declared":true,"installed":true,"version":"4.4.1","resolution":"C:\\Users\\ykassa\\Desktop\\Yoseph\\amazon\\functions\\node_modules\\firebase-functions\\lib\\v1\\index.js"} {"metadata":{"emulator":{"name":"functions"},"function":{"name":"us-central1-api"},"extension":{},"message":"[runtime-status] [21144] Resolved module firebase-functions {\"declared\":true,\"installed\":true,\"version\":\"4.4.1\",\"resolution\":\"C:\\\\Users\\\\ykassa\\\\Desktop\\\\Yoseph\\\\amazon\\\\functions\\\\node_modules\\\\firebase-functions\\\\lib\\\\v1\\\\index.js\"}"}}
[debug] [2023-08-15T21:16:31.524Z] [runtime-status] [20424] Resolved module firebase-admin {"declared":true,"installed":true,"version":"11.10.1","resolution":"C:\\Users\\ykassa\\Desktop\\Yoseph\\amazon\\functions\\node_modules\\firebase-admin\\lib\\index.js"} {"metadata":{"emulator":{"name":"functions"},"function":{"name":"us-central1-api"},"extension":{},"message":"[runtime-status] [20424] Resolved module firebase-admin {\"declared\":true,\"installed\":true,\"version\":\"11.10.1\",\"resolution\":\"C:\\\\Users\\\\ykassa\\\\Desktop\\\\Yoseph\\\\amazon\\\\functions\\\\node_modules\\\\firebase-admin\\\\lib\\\\index.js\"}"}}
[debug] [2023-08-15T21:16:31.530Z] [runtime-status] [20424] Resolved module firebase-functions {"declared":true,"installed":true,"version":"4.4.1","resolution":"C:\\Users\\ykassa\\Desktop\\Yoseph\\amazon\\functions\\node_modules\\firebase-functions\\lib\\v1\\index.js"} {"metadata":{"emulator":{"name":"functions"},"function":{"name":"us-central1-api"},"extension":{},"message":"[runtime-status] [20424] Resolved module firebase-functions {\"declared\":true,\"installed\":true,\"version\":\"4.4.1\",\"resolution\":\"C:\\\\Users\\\\ykassa\\\\Desktop\\\\Yoseph\\\\amazon\\\\functions\\\\node_modules\\\\firebase-functions\\\\lib\\\\v1\\\\index.js\"}"}}
[debug] [2023-08-15T21:16:31.531Z] [runtime-status] [20424] Outgoing network have been stubbed. [{"name":"http","status":"mocked"},{"name":"http","status":"mocked"},{"name":"https","status":"mocked"},{"name":"https","status":"mocked"},{"name":"net","status":"mocked"}] {"metadata":{"emulator":{"name":"functions"},"function":{"name":"us-central1-api"},"extension":{},"message":"[runtime-status] [20424] Outgoing network have been stubbed. [{\"name\":\"http\",\"status\":\"mocked\"},{\"name\":\"http\",\"status\":\"mocked\"},{\"name\":\"https\",\"status\":\"mocked\"},{\"name\":\"https\",\"status\":\"mocked\"},{\"name\":\"net\",\"status\":\"mocked\"}]"}}
[debug] [2023-08-15T21:16:31.534Z] [runtime-status] [20424] Resolved module firebase-functions {"declared":true,"installed":true,"version":"4.4.1","resolution":"C:\\Users\\ykassa\\Desktop\\Yoseph\\amazon\\functions\\node_modules\\firebase-functions\\lib\\v1\\index.js"} {"metadata":{"emulator":{"name":"functions"},"function":{"name":"us-central1-api"},"extension":{},"message":"[runtime-status] [20424] Resolved module firebase-functions {\"declared\":true,\"installed\":true,\"version\":\"4.4.1\",\"resolution\":\"C:\\\\Users\\\\ykassa\\\\Desktop\\\\Yoseph\\\\amazon\\\\functions\\\\node_modules\\\\firebase-functions\\\\lib\\\\v1\\\\index.js\"}"}}
[debug] [2023-08-15T21:16:32.147Z] [runtime-status] [21144] Checked functions.config() {"config":{}} {"metadata":{"emulator":{"name":"functions"},"function":{"name":"us-central1-api"},"extension":{},"message":"[runtime-status] [21144] Checked functions.config() {\"config\":{}}"}}
[debug] [2023-08-15T21:16:32.149Z] [runtime-status] [21144] firebase-functions has been stubbed. {"functionsResolution":{"declared":true,"installed":true,"version":"4.4.1","resolution":"C:\\Users\\ykassa\\Desktop\\Yoseph\\amazon\\functions\\node_modules\\firebase-functions\\lib\\v1\\index.js"}} {"metadata":{"emulator":{"name":"functions"},"function":{"name":"us-central1-api"},"extension":{},"message":"[runtime-status] [21144] firebase-functions has been stubbed. {\"functionsResolution\":{\"declared\":true,\"installed\":true,\"version\":\"4.4.1\",\"resolution\":\"C:\\\\Users\\\\ykassa\\\\Desktop\\\\Yoseph\\\\amazon\\\\functions\\\\node_modules\\\\firebase-functions\\\\lib\\\\v1\\\\index.js\"}}"}}
[debug] [2023-08-15T21:16:32.150Z] [runtime-status] [21144] Resolved module firebase-functions {"declared":true,"installed":true,"version":"4.4.1","resolution":"C:\\Users\\ykassa\\Desktop\\Yoseph\\amazon\\functions\\node_modules\\firebase-functions\\lib\\v1\\index.js"} {"metadata":{"emulator":{"name":"functions"},"function":{"name":"us-central1-api"},"extension":{},"message":"[runtime-status] [21144] Resolved module firebase-functions {\"declared\":true,\"installed\":true,\"version\":\"4.4.1\",\"resolution\":\"C:\\\\Users\\\\ykassa\\\\Desktop\\\\Yoseph\\\\amazon\\\\functions\\\\node_modules\\\\firebase-functions\\\\lib\\\\v1\\\\index.js\"}"}}
[debug] [2023-08-15T21:16:32.155Z] [runtime-status] [21144] Resolved module firebase-admin {"declared":true,"installed":true,"version":"11.10.1","resolution":"C:\\Users\\ykassa\\Desktop\\Yoseph\\amazon\\functions\\node_modules\\firebase-admin\\lib\\index.js"} {"metadata":{"emulator":{"name":"functions"},"function":{"name":"us-central1-api"},"extension":{},"message":"[runtime-status] [21144] Resolved module firebase-admin {\"declared\":true,\"installed\":true,\"version\":\"11.10.1\",\"resolution\":\"C:\\\\Users\\\\ykassa\\\\Desktop\\\\Yoseph\\\\amazon\\\\functions\\\\node_modules\\\\firebase-admin\\\\lib\\\\index.js\"}"}}
[debug] [2023-08-15T21:16:32.162Z] [runtime-status] [21144] Resolved module firebase-functions {"declared":true,"installed":true,"version":"4.4.1","resolution":"C:\\Users\\ykassa\\Desktop\\Yoseph\\amazon\\functions\\node_modules\\firebase-functions\\lib\\v1\\index.js"} {"metadata":{"emulator":{"name":"functions"},"function":{"name":"us-central1-api"},"extension":{},"message":"[runtime-status] [21144] Resolved module firebase-functions {\"declared\":true,\"installed\":true,\"version\":\"4.4.1\",\"resolution\":\"C:\\\\Users\\\\ykassa\\\\Desktop\\\\Yoseph\\\\amazon\\\\functions\\\\node_modules\\\\firebase-functions\\\\lib\\\\v1\\\\index.js\"}"}}
[debug] [2023-08-15T21:16:32.162Z] [runtime-status] [21144] firebase-admin has been stubbed. {"adminResolution":{"declared":true,"installed":true,"version":"11.10.1","resolution":"C:\\Users\\ykassa\\Desktop\\Yoseph\\amazon\\functions\\node_modules\\firebase-admin\\lib\\index.js"}} {"metadata":{"emulator":{"name":"functions"},"function":{"name":"us-central1-api"},"extension":{},"message":"[runtime-status] [21144] firebase-admin has been stubbed. {\"adminResolution\":{\"declared\":true,\"installed\":true,\"version\":\"11.10.1\",\"resolution\":\"C:\\\\Users\\\\ykassa\\\\Desktop\\\\Yoseph\\\\amazon\\\\functions\\\\node_modules\\\\firebase-admin\\\\lib\\\\index.js\"}}"}}
[debug] [2023-08-15T21:16:32.184Z] [runtime-status] [20424] Checked functions.config() {"config":{}} {"metadata":{"emulator":{"name":"functions"},"function":{"name":"us-central1-api"},"extension":{},"message":"[runtime-status] [20424] Checked functions.config() {\"config\":{}}"}}
[debug] [2023-08-15T21:16:32.184Z] [runtime-status] [20424] firebase-functions has been stubbed. {"functionsResolution":{"declared":true,"installed":true,"version":"4.4.1","resolution":"C:\\Users\\ykassa\\Desktop\\Yoseph\\amazon\\functions\\node_modules\\firebase-functions\\lib\\v1\\index.js"}} {"metadata":{"emulator":{"name":"functions"},"function":{"name":"us-central1-api"},"extension":{},"message":"[runtime-status] [20424] firebase-functions has been stubbed. {\"functionsResolution\":{\"declared\":true,\"installed\":true,\"version\":\"4.4.1\",\"resolution\":\"C:\\\\Users\\\\ykassa\\\\Desktop\\\\Yoseph\\\\amazon\\\\functions\\\\node_modules\\\\firebase-functions\\\\lib\\\\v1\\\\index.js\"}}"}}
[debug] [2023-08-15T21:16:32.189Z] [runtime-status] [20424] Resolved module firebase-functions {"declared":true,"installed":true,"version":"4.4.1","resolution":"C:\\Users\\ykassa\\Desktop\\Yoseph\\amazon\\functions\\node_modules\\firebase-functions\\lib\\v1\\index.js"} {"metadata":{"emulator":{"name":"functions"},"function":{"name":"us-central1-api"},"extension":{},"message":"[runtime-status] [20424] Resolved module firebase-functions {\"declared\":true,\"installed\":true,\"version\":\"4.4.1\",\"resolution\":\"C:\\\\Users\\\\ykassa\\\\Desktop\\\\Yoseph\\\\amazon\\\\functions\\\\node_modules\\\\firebase-functions\\\\lib\\\\v1\\\\index.js\"}"}}
[debug] [2023-08-15T21:16:32.195Z] [runtime-status] [20424] Resolved module firebase-admin {"declared":true,"installed":true,"version":"11.10.1","resolution":"C:\\Users\\ykassa\\Desktop\\Yoseph\\amazon\\functions\\node_modules\\firebase-admin\\lib\\index.js"} {"metadata":{"emulator":{"name":"functions"},"function":{"name":"us-central1-api"},"extension":{},"message":"[runtime-status] [20424] Resolved module firebase-admin {\"declared\":true,\"installed\":true,\"version\":\"11.10.1\",\"resolution\":\"C:\\\\Users\\\\ykassa\\\\Desktop\\\\Yoseph\\\\amazon\\\\functions\\\\node_modules\\\\firebase-admin\\\\lib\\\\index.js\"}"}}
[debug] [2023-08-15T21:16:32.202Z] [runtime-status] [20424] Resolved module firebase-functions {"declared":true,"installed":true,"version":"4.4.1","resolution":"C:\\Users\\ykassa\\Desktop\\Yoseph\\amazon\\functions\\node_modules\\firebase-functions\\lib\\v1\\index.js"} {"metadata":{"emulator":{"name":"functions"},"function":{"name":"us-central1-api"},"extension":{},"message":"[runtime-status] [20424] Resolved module firebase-functions {\"declared\":true,\"installed\":true,\"version\":\"4.4.1\",\"resolution\":\"C:\\\\Users\\\\ykassa\\\\Desktop\\\\Yoseph\\\\amazon\\\\functions\\\\node_modules\\\\firebase-functions\\\\lib\\\\v1\\\\index.js\"}"}}
[debug] [2023-08-15T21:16:32.203Z] [runtime-status] [20424] firebase-admin has been stubbed. {"adminResolution":{"declared":true,"installed":true,"version":"11.10.1","resolution":"C:\\Users\\ykassa\\Desktop\\Yoseph\\amazon\\functions\\node_modules\\firebase-admin\\lib\\index.js"}} {"metadata":{"emulator":{"name":"functions"},"function":{"name":"us-central1-api"},"extension":{},"message":"[runtime-status] [20424] firebase-admin has been stubbed. {\"adminResolution\":{\"declared\":true,\"installed\":true,\"version\":\"11.10.1\",\"resolution\":\"C:\\\\Users\\\\ykassa\\\\Desktop\\\\Yoseph\\\\amazon\\\\functions\\\\node_modules\\\\firebase-admin\\\\lib\\\\index.js\"}}"}}
[debug] [2023-08-15T21:16:32.595Z] [runtime-status] [21144] Functions runtime initialized. {"cwd":"C:\\Users\\ykassa\\Desktop\\Yoseph\\amazon\\functions","node_version":"18.16.0"} {"metadata":{"emulator":{"name":"functions"},"function":{"name":"us-central1-api"},"extension":{},"message":"[runtime-status] [21144] Functions runtime initialized. {\"cwd\":\"C:\\\\Users\\\\ykassa\\\\Desktop\\\\Yoseph\\\\amazon\\\\functions\",\"node_version\":\"18.16.0\"}"}}
[debug] [2023-08-15T21:16:32.596Z] [runtime-status] [21144] Listening to port: \\?\pipe\fire_emu_cc821160831b8c46 {"metadata":{"emulator":{"name":"functions"},"function":{"name":"us-central1-api"},"extension":{},"message":"[runtime-status] [21144] Listening to port: \\\\?\\pipe\\fire_emu_cc821160831b8c46"}}
[debug] [2023-08-15T21:16:32.630Z] [runtime-status] [20424] Functions runtime initialized. {"cwd":"C:\\Users\\ykassa\\Desktop\\Yoseph\\amazon\\functions","node_version":"18.16.0"} {"metadata":{"emulator":{"name":"functions"},"function":{"name":"us-central1-api"},"extension":{},"message":"[runtime-status] [20424] Functions runtime initialized. {\"cwd\":\"C:\\\\Users\\\\ykassa\\\\Desktop\\\\Yoseph\\\\amazon\\\\functions\",\"node_version\":\"18.16.0\"}"}}
[debug] [2023-08-15T21:16:32.630Z] [runtime-status] [20424] Listening to port: \\?\pipe\fire_emu_16b966db759fdb47 {"metadata":{"emulator":{"name":"functions"},"function":{"name":"us-central1-api"},"extension":{},"message":"[runtime-status] [20424] Listening to port: \\\\?\\pipe\\fire_emu_16b966db759fdb47"}}
[debug] [2023-08-15T21:16:32.680Z] [worker-us-central1-api-2142542d-895c-4765-929c-a467adb9e377]: IDLE {"metadata":{"emulator":{"name":"functions"},"function":{"name":"us-central1-api"},"extension":{},"message":"[worker-us-central1-api-2142542d-895c-4765-929c-a467adb9e377]: IDLE"}}
[debug] [2023-08-15T21:16:32.681Z] [worker-pool] submitRequest(triggerId=us-central1-api) {"metadata":{"emulator":{"name":"functions"},"message":"[worker-pool] submitRequest(triggerId=us-central1-api)"}}
[info] i  functions: Beginning execution of "us-central1-api" {"metadata":{"emulator":{"name":"functions"},"function":{"name":"us-central1-api"},"extension":{},"message":"Beginning execution of \"us-central1-api\""}}
[debug] [2023-08-15T21:16:32.682Z] [worker-us-central1-api-2142542d-895c-4765-929c-a467adb9e377]: BUSY {"metadata":{"emulator":{"name":"functions"},"function":{"name":"us-central1-api"},"extension":{},"message":"[worker-us-central1-api-2142542d-895c-4765-929c-a467adb9e377]: BUSY"}}
[info] >  Payment Request Recieved BOOM!!! for this amount >>>  109498 {"user":"Payment Request Recieved BOOM!!! for this amount >>>  109498","metadata":{"emulator":{"name":"functions"},"function":{"name":"us-central1-api"},"extension":{},"message":"\u001b[90m> \u001b[39m Payment Request Recieved BOOM!!! for this amount >>>  109498"}}
[debug] [2023-08-15T21:16:32.709Z] [worker-us-central1-api-72b1b50f-6d74-4d4a-8b7c-c5a5bc96692c]: IDLE {"metadata":{"emulator":{"name":"functions"},"function":{"name":"us-central1-api"},"extension":{},"message":"[worker-us-central1-api-72b1b50f-6d74-4d4a-8b7c-c5a5bc96692c]: IDLE"}}
[debug] [2023-08-15T21:16:32.709Z] [worker-pool] submitRequest(triggerId=us-central1-api) {"metadata":{"emulator":{"name":"functions"},"message":"[worker-pool] submitRequest(triggerId=us-central1-api)"}}
[info] i  functions: Beginning execution of "us-central1-api" {"metadata":{"emulator":{"name":"functions"},"function":{"name":"us-central1-api"},"extension":{},"message":"Beginning execution of \"us-central1-api\""}}
[debug] [2023-08-15T21:16:32.710Z] [worker-us-central1-api-72b1b50f-6d74-4d4a-8b7c-c5a5bc96692c]: BUSY {"metadata":{"emulator":{"name":"functions"},"function":{"name":"us-central1-api"},"extension":{},"message":"[worker-us-central1-api-72b1b50f-6d74-4d4a-8b7c-c5a5bc96692c]: BUSY"}}
[info] >  Payment Request Recieved BOOM!!! for this amount >>>  109498 {"user":"Payment Request Recieved BOOM!!! for this amount >>>  109498","metadata":{"emulator":{"name":"functions"},"function":{"name":"us-central1-api"},"extension":{},"message":"\u001b[90m> \u001b[39m Payment Request Recieved BOOM!!! for this amount >>>  109498"}}
[debug] [2023-08-15T21:16:33.307Z] Finishing up request with event=pause {"metadata":{"emulator":{"name":"functions"},"function":{"name":"us-central1-api"},"extension":{},"message":"Finishing up request with event=pause"}}
[info] i  functions: Finished "us-central1-api" in 625.3189ms {"metadata":{"emulator":{"name":"functions"},"function":{"name":"us-central1-api"},"extension":{},"message":"Finished \"us-central1-api\" in 625.3189ms"}}
[debug] [2023-08-15T21:16:33.309Z] [worker-us-central1-api-2142542d-895c-4765-929c-a467adb9e377]: IDLE {"metadata":{"emulator":{"name":"functions"},"function":{"name":"us-central1-api"},"extension":{},"message":"[worker-us-central1-api-2142542d-895c-4765-929c-a467adb9e377]: IDLE"}}
[debug] [2023-08-15T21:16:33.309Z] Finishing up request with event=finish {"metadata":{"emulator":{"name":"functions"},"function":{"name":"us-central1-api"},"extension":{},"message":"Finishing up request with event=finish"}}
[debug] [2023-08-15T21:16:33.309Z] Finishing up request with event=close {"metadata":{"emulator":{"name":"functions"},"function":{"name":"us-central1-api"},"extension":{},"message":"Finishing up request with event=close"}}
[debug] [2023-08-15T21:16:33.309Z] [work-queue] {"queuedWork":[],"queueLength":0,"runningWork":["/clone-c66fe/us-central1/api/payments/create-2023-08-15T21:16:28.216Z"],"workRunningCount":1}
[debug] [2023-08-15T21:16:33.313Z] Finishing up request with event=pause {"metadata":{"emulator":{"name":"functions"},"function":{"name":"us-central1-api"},"extension":{},"message":"Finishing up request with event=pause"}}
[info] i  functions: Finished "us-central1-api" in 603.1282ms {"metadata":{"emulator":{"name":"functions"},"function":{"name":"us-central1-api"},"extension":{},"message":"Finished \"us-central1-api\" in 603.1282ms"}}
[debug] [2023-08-15T21:16:33.314Z] [worker-us-central1-api-72b1b50f-6d74-4d4a-8b7c-c5a5bc96692c]: IDLE {"metadata":{"emulator":{"name":"functions"},"function":{"name":"us-central1-api"},"extension":{},"message":"[worker-us-central1-api-72b1b50f-6d74-4d4a-8b7c-c5a5bc96692c]: IDLE"}}
[debug] [2023-08-15T21:16:33.314Z] Finishing up request with event=finish {"metadata":{"emulator":{"name":"functions"},"function":{"name":"us-central1-api"},"extension":{},"message":"Finishing up request with event=finish"}}
[debug] [2023-08-15T21:16:33.314Z] Finishing up request with event=close {"metadata":{"emulator":{"name":"functions"},"function":{"name":"us-central1-api"},"extension":{},"message":"Finishing up request with event=close"}}
[debug] [2023-08-15T21:16:33.314Z] [work-queue] {"queuedWork":[],"queueLength":0,"runningWork":[],"workRunningCount":0}
[debug] [2023-08-15T21:20:52.038Z] [work-queue] {"queuedWork":["/clone-c66fe/us-central1/api/payments/create-2023-08-15T21:20:52.038Z"],"queueLength":1,"runningWork":[],"workRunningCount":0}
[debug] [2023-08-15T21:20:52.038Z] [work-queue] {"queuedWork":[],"queueLength":0,"runningWork":["/clone-c66fe/us-central1/api/payments/create-2023-08-15T21:20:52.038Z"],"workRunningCount":1}
[debug] [2023-08-15T21:20:52.038Z] Accepted request POST /clone-c66fe/us-central1/api/payments/create?total=1196 --> us-central1-api
[debug] [2023-08-15T21:20:52.047Z] [functions] Runtime ready! Sending request! {"metadata":{"emulator":{"name":"functions"},"message":"[functions] Runtime ready! Sending request!"}}
[debug] [2023-08-15T21:20:52.047Z] [functions] Got req.url=/clone-c66fe/us-central1/api/payments/create?total=1196, mapping to path=/payments/create?total=1196 {"metadata":{"emulator":{"name":"functions"},"message":"[functions] Got req.url=/clone-c66fe/us-central1/api/payments/create?total=1196, mapping to path=/payments/create?total=1196"}}
[debug] [2023-08-15T21:20:52.048Z] [worker-pool] submitRequest(triggerId=us-central1-api) {"metadata":{"emulator":{"name":"functions"},"message":"[worker-pool] submitRequest(triggerId=us-central1-api)"}}
[info] i  functions: Beginning execution of "us-central1-api" {"metadata":{"emulator":{"name":"functions"},"function":{"name":"us-central1-api"},"extension":{},"message":"Beginning execution of \"us-central1-api\""}}
[debug] [2023-08-15T21:20:52.049Z] [worker-us-central1-api-2142542d-895c-4765-929c-a467adb9e377]: BUSY {"metadata":{"emulator":{"name":"functions"},"function":{"name":"us-central1-api"},"extension":{},"message":"[worker-us-central1-api-2142542d-895c-4765-929c-a467adb9e377]: BUSY"}}
[debug] [2023-08-15T21:20:52.051Z] [work-queue] {"queuedWork":["/clone-c66fe/us-central1/api/payments/create-2023-08-15T21:20:52.051Z"],"queueLength":1,"runningWork":["/clone-c66fe/us-central1/api/payments/create-2023-08-15T21:20:52.038Z"],"workRunningCount":1}
[debug] [2023-08-15T21:20:52.051Z] [work-queue] {"queuedWork":[],"queueLength":0,"runningWork":["/clone-c66fe/us-central1/api/payments/create-2023-08-15T21:20:52.038Z","/clone-c66fe/us-central1/api/payments/create-2023-08-15T21:20:52.051Z"],"workRunningCount":2}
[debug] [2023-08-15T21:20:52.051Z] Accepted request POST /clone-c66fe/us-central1/api/payments/create?total=1196 --> us-central1-api
[debug] [2023-08-15T21:20:52.056Z] [functions] Runtime ready! Sending request! {"metadata":{"emulator":{"name":"functions"},"message":"[functions] Runtime ready! Sending request!"}}
[debug] [2023-08-15T21:20:52.057Z] [functions] Got req.url=/clone-c66fe/us-central1/api/payments/create?total=1196, mapping to path=/payments/create?total=1196 {"metadata":{"emulator":{"name":"functions"},"message":"[functions] Got req.url=/clone-c66fe/us-central1/api/payments/create?total=1196, mapping to path=/payments/create?total=1196"}}
[debug] [2023-08-15T21:20:52.057Z] [worker-pool] submitRequest(triggerId=us-central1-api) {"metadata":{"emulator":{"name":"functions"},"message":"[worker-pool] submitRequest(triggerId=us-central1-api)"}}
[info] i  functions: Beginning execution of "us-central1-api" {"metadata":{"emulator":{"name":"functions"},"function":{"name":"us-central1-api"},"extension":{},"message":"Beginning execution of \"us-central1-api\""}}
[debug] [2023-08-15T21:20:52.058Z] [worker-us-central1-api-72b1b50f-6d74-4d4a-8b7c-c5a5bc96692c]: BUSY {"metadata":{"emulator":{"name":"functions"},"function":{"name":"us-central1-api"},"extension":{},"message":"[worker-us-central1-api-72b1b50f-6d74-4d4a-8b7c-c5a5bc96692c]: BUSY"}}
[info] >  Payment Request Recieved BOOM!!! for this amount >>>  1196 {"user":"Payment Request Recieved BOOM!!! for this amount >>>  1196","metadata":{"emulator":{"name":"functions"},"function":{"name":"us-central1-api"},"extension":{},"message":"\u001b[90m> \u001b[39m Payment Request Recieved BOOM!!! for this amount >>>  1196"}}
[info] >  Payment Request Recieved BOOM!!! for this amount >>>  1196 {"user":"Payment Request Recieved BOOM!!! for this amount >>>  1196","metadata":{"emulator":{"name":"functions"},"function":{"name":"us-central1-api"},"extension":{},"message":"\u001b[90m> \u001b[39m Payment Request Recieved BOOM!!! for this amount >>>  1196"}}
[debug] [2023-08-15T21:20:52.367Z] Finishing up request with event=pause {"metadata":{"emulator":{"name":"functions"},"function":{"name":"us-central1-api"},"extension":{},"message":"Finishing up request with event=pause"}}
[info] i  functions: Finished "us-central1-api" in 309.0747ms {"metadata":{"emulator":{"name":"functions"},"function":{"name":"us-central1-api"},"extension":{},"message":"Finished \"us-central1-api\" in 309.0747ms"}}
[debug] [2023-08-15T21:20:52.368Z] [worker-us-central1-api-72b1b50f-6d74-4d4a-8b7c-c5a5bc96692c]: IDLE {"metadata":{"emulator":{"name":"functions"},"function":{"name":"us-central1-api"},"extension":{},"message":"[worker-us-central1-api-72b1b50f-6d74-4d4a-8b7c-c5a5bc96692c]: IDLE"}}
[debug] [2023-08-15T21:20:52.368Z] Finishing up request with event=finish {"metadata":{"emulator":{"name":"functions"},"function":{"name":"us-central1-api"},"extension":{},"message":"Finishing up request with event=finish"}}
[debug] [2023-08-15T21:20:52.368Z] Finishing up request with event=close {"metadata":{"emulator":{"name":"functions"},"function":{"name":"us-central1-api"},"extension":{},"message":"Finishing up request with event=close"}}
[debug] [2023-08-15T21:20:52.369Z] [work-queue] {"queuedWork":[],"queueLength":0,"runningWork":["/clone-c66fe/us-central1/api/payments/create-2023-08-15T21:20:52.038Z"],"workRunningCount":1}
[debug] [2023-08-15T21:20:52.375Z] Finishing up request with event=pause {"metadata":{"emulator":{"name":"functions"},"function":{"name":"us-central1-api"},"extension":{},"message":"Finishing up request with event=pause"}}
[info] i  functions: Finished "us-central1-api" in 326.8567ms {"metadata":{"emulator":{"name":"functions"},"function":{"name":"us-central1-api"},"extension":{},"message":"Finished \"us-central1-api\" in 326.8567ms"}}
[debug] [2023-08-15T21:20:52.376Z] [worker-us-central1-api-2142542d-895c-4765-929c-a467adb9e377]: IDLE {"metadata":{"emulator":{"name":"functions"},"function":{"name":"us-central1-api"},"extension":{},"message":"[worker-us-central1-api-2142542d-895c-4765-929c-a467adb9e377]: IDLE"}}
[debug] [2023-08-15T21:20:52.377Z] Finishing up request with event=finish {"metadata":{"emulator":{"name":"functions"},"function":{"name":"us-central1-api"},"extension":{},"message":"Finishing up request with event=finish"}}
[debug] [2023-08-15T21:20:52.377Z] Finishing up request with event=close {"metadata":{"emulator":{"name":"functions"},"function":{"name":"us-central1-api"},"extension":{},"message":"Finishing up request with event=close"}}
[debug] [2023-08-15T21:20:52.377Z] [work-queue] {"queuedWork":[],"queueLength":0,"runningWork":[],"workRunningCount":0}
[debug] [2023-08-15T21:22:39.002Z] [work-queue] {"queuedWork":["/clone-c66fe/us-central1/api/payments/create-2023-08-15T21:22:39.001Z"],"queueLength":1,"runningWork":[],"workRunningCount":0}
[debug] [2023-08-15T21:22:39.002Z] [work-queue] {"queuedWork":[],"queueLength":0,"runningWork":["/clone-c66fe/us-central1/api/payments/create-2023-08-15T21:22:39.001Z"],"workRunningCount":1}
[debug] [2023-08-15T21:22:39.002Z] Accepted request POST /clone-c66fe/us-central1/api/payments/create?total=25096 --> us-central1-api
[debug] [2023-08-15T21:22:39.009Z] [functions] Runtime ready! Sending request! {"metadata":{"emulator":{"name":"functions"},"message":"[functions] Runtime ready! Sending request!"}}
[debug] [2023-08-15T21:22:39.010Z] [functions] Got req.url=/clone-c66fe/us-central1/api/payments/create?total=25096, mapping to path=/payments/create?total=25096 {"metadata":{"emulator":{"name":"functions"},"message":"[functions] Got req.url=/clone-c66fe/us-central1/api/payments/create?total=25096, mapping to path=/payments/create?total=25096"}}
[debug] [2023-08-15T21:22:39.010Z] [worker-pool] submitRequest(triggerId=us-central1-api) {"metadata":{"emulator":{"name":"functions"},"message":"[worker-pool] submitRequest(triggerId=us-central1-api)"}}
[info] i  functions: Beginning execution of "us-central1-api" {"metadata":{"emulator":{"name":"functions"},"function":{"name":"us-central1-api"},"extension":{},"message":"Beginning execution of \"us-central1-api\""}}
[debug] [2023-08-15T21:22:39.011Z] [worker-us-central1-api-2142542d-895c-4765-929c-a467adb9e377]: BUSY {"metadata":{"emulator":{"name":"functions"},"function":{"name":"us-central1-api"},"extension":{},"message":"[worker-us-central1-api-2142542d-895c-4765-929c-a467adb9e377]: BUSY"}}
[debug] [2023-08-15T21:22:39.015Z] [work-queue] {"queuedWork":["/clone-c66fe/us-central1/api/payments/create-2023-08-15T21:22:39.015Z"],"queueLength":1,"runningWork":["/clone-c66fe/us-central1/api/payments/create-2023-08-15T21:22:39.001Z"],"workRunningCount":1}
[debug] [2023-08-15T21:22:39.015Z] [work-queue] {"queuedWork":[],"queueLength":0,"runningWork":["/clone-c66fe/us-central1/api/payments/create-2023-08-15T21:22:39.001Z","/clone-c66fe/us-central1/api/payments/create-2023-08-15T21:22:39.015Z"],"workRunningCount":2}
[debug] [2023-08-15T21:22:39.015Z] Accepted request POST /clone-c66fe/us-central1/api/payments/create?total=25096 --> us-central1-api
[debug] [2023-08-15T21:22:39.019Z] [functions] Runtime ready! Sending request! {"metadata":{"emulator":{"name":"functions"},"message":"[functions] Runtime ready! Sending request!"}}
[debug] [2023-08-15T21:22:39.020Z] [functions] Got req.url=/clone-c66fe/us-central1/api/payments/create?total=25096, mapping to path=/payments/create?total=25096 {"metadata":{"emulator":{"name":"functions"},"message":"[functions] Got req.url=/clone-c66fe/us-central1/api/payments/create?total=25096, mapping to path=/payments/create?total=25096"}}
[debug] [2023-08-15T21:22:39.020Z] [worker-pool] submitRequest(triggerId=us-central1-api) {"metadata":{"emulator":{"name":"functions"},"message":"[worker-pool] submitRequest(triggerId=us-central1-api)"}}
[info] i  functions: Beginning execution of "us-central1-api" {"metadata":{"emulator":{"name":"functions"},"function":{"name":"us-central1-api"},"extension":{},"message":"Beginning execution of \"us-central1-api\""}}
[debug] [2023-08-15T21:22:39.021Z] [worker-us-central1-api-72b1b50f-6d74-4d4a-8b7c-c5a5bc96692c]: BUSY {"metadata":{"emulator":{"name":"functions"},"function":{"name":"us-central1-api"},"extension":{},"message":"[worker-us-central1-api-72b1b50f-6d74-4d4a-8b7c-c5a5bc96692c]: BUSY"}}
[info] >  Payment Request Recieved BOOM!!! for this amount >>>  25096 {"user":"Payment Request Recieved BOOM!!! for this amount >>>  25096","metadata":{"emulator":{"name":"functions"},"function":{"name":"us-central1-api"},"extension":{},"message":"\u001b[90m> \u001b[39m Payment Request Recieved BOOM!!! for this amount >>>  25096"}}
[info] >  Payment Request Recieved BOOM!!! for this amount >>>  25096 {"user":"Payment Request Recieved BOOM!!! for this amount >>>  25096","metadata":{"emulator":{"name":"functions"},"function":{"name":"us-central1-api"},"extension":{},"message":"\u001b[90m> \u001b[39m Payment Request Recieved BOOM!!! for this amount >>>  25096"}}
[debug] [2023-08-15T21:22:39.324Z] Finishing up request with event=pause {"metadata":{"emulator":{"name":"functions"},"function":{"name":"us-central1-api"},"extension":{},"message":"Finishing up request with event=pause"}}
[info] i  functions: Finished "us-central1-api" in 304.3427ms {"metadata":{"emulator":{"name":"functions"},"function":{"name":"us-central1-api"},"extension":{},"message":"Finished \"us-central1-api\" in 304.3427ms"}}
[debug] [2023-08-15T21:22:39.326Z] [worker-us-central1-api-72b1b50f-6d74-4d4a-8b7c-c5a5bc96692c]: IDLE {"metadata":{"emulator":{"name":"functions"},"function":{"name":"us-central1-api"},"extension":{},"message":"[worker-us-central1-api-72b1b50f-6d74-4d4a-8b7c-c5a5bc96692c]: IDLE"}}
[debug] [2023-08-15T21:22:39.327Z] Finishing up request with event=finish {"metadata":{"emulator":{"name":"functions"},"function":{"name":"us-central1-api"},"extension":{},"message":"Finishing up request with event=finish"}}
[debug] [2023-08-15T21:22:39.327Z] Finishing up request with event=close {"metadata":{"emulator":{"name":"functions"},"function":{"name":"us-central1-api"},"extension":{},"message":"Finishing up request with event=close"}}
[debug] [2023-08-15T21:22:39.327Z] [work-queue] {"queuedWork":[],"queueLength":0,"runningWork":["/clone-c66fe/us-central1/api/payments/create-2023-08-15T21:22:39.001Z"],"workRunningCount":1}
[debug] [2023-08-15T21:22:39.372Z] Finishing up request with event=pause {"metadata":{"emulator":{"name":"functions"},"function":{"name":"us-central1-api"},"extension":{},"message":"Finishing up request with event=pause"}}
[info] i  functions: Finished "us-central1-api" in 360.945ms {"metadata":{"emulator":{"name":"functions"},"function":{"name":"us-central1-api"},"extension":{},"message":"Finished \"us-central1-api\" in 360.945ms"}}
[debug] [2023-08-15T21:22:39.373Z] [worker-us-central1-api-2142542d-895c-4765-929c-a467adb9e377]: IDLE {"metadata":{"emulator":{"name":"functions"},"function":{"name":"us-central1-api"},"extension":{},"message":"[worker-us-central1-api-2142542d-895c-4765-929c-a467adb9e377]: IDLE"}}
[debug] [2023-08-15T21:22:39.374Z] Finishing up request with event=finish {"metadata":{"emulator":{"name":"functions"},"function":{"name":"us-central1-api"},"extension":{},"message":"Finishing up request with event=finish"}}
[debug] [2023-08-15T21:22:39.374Z] Finishing up request with event=close {"metadata":{"emulator":{"name":"functions"},"function":{"name":"us-central1-api"},"extension":{},"message":"Finishing up request with event=close"}}
[debug] [2023-08-15T21:22:39.374Z] [work-queue] {"queuedWork":[],"queueLength":0,"runningWork":[],"workRunningCount":0}
[debug] [2023-08-15T21:24:15.531Z] [work-queue] {"queuedWork":["/clone-c66fe/us-central1/api/payments/create-2023-08-15T21:24:15.531Z"],"queueLength":1,"runningWork":[],"workRunningCount":0}
[debug] [2023-08-15T21:24:15.532Z] [work-queue] {"queuedWork":[],"queueLength":0,"runningWork":["/clone-c66fe/us-central1/api/payments/create-2023-08-15T21:24:15.531Z"],"workRunningCount":1}
[debug] [2023-08-15T21:24:15.533Z] Accepted request POST /clone-c66fe/us-central1/api/payments/create?total=23900 --> us-central1-api
[debug] [2023-08-15T21:24:15.553Z] [functions] Runtime ready! Sending request! {"metadata":{"emulator":{"name":"functions"},"message":"[functions] Runtime ready! Sending request!"}}
[debug] [2023-08-15T21:24:15.554Z] [functions] Got req.url=/clone-c66fe/us-central1/api/payments/create?total=23900, mapping to path=/payments/create?total=23900 {"metadata":{"emulator":{"name":"functions"},"message":"[functions] Got req.url=/clone-c66fe/us-central1/api/payments/create?total=23900, mapping to path=/payments/create?total=23900"}}
[debug] [2023-08-15T21:24:15.556Z] [worker-pool] submitRequest(triggerId=us-central1-api) {"metadata":{"emulator":{"name":"functions"},"message":"[worker-pool] submitRequest(triggerId=us-central1-api)"}}
[info] i  functions: Beginning execution of "us-central1-api" {"metadata":{"emulator":{"name":"functions"},"function":{"name":"us-central1-api"},"extension":{},"message":"Beginning execution of \"us-central1-api\""}}
[debug] [2023-08-15T21:24:15.563Z] [worker-us-central1-api-2142542d-895c-4765-929c-a467adb9e377]: BUSY {"metadata":{"emulator":{"name":"functions"},"function":{"name":"us-central1-api"},"extension":{},"message":"[worker-us-central1-api-2142542d-895c-4765-929c-a467adb9e377]: BUSY"}}
[debug] [2023-08-15T21:24:15.574Z] [work-queue] {"queuedWork":["/clone-c66fe/us-central1/api/payments/create-2023-08-15T21:24:15.573Z"],"queueLength":1,"runningWork":["/clone-c66fe/us-central1/api/payments/create-2023-08-15T21:24:15.531Z"],"workRunningCount":1}
[debug] [2023-08-15T21:24:15.575Z] [work-queue] {"queuedWork":[],"queueLength":0,"runningWork":["/clone-c66fe/us-central1/api/payments/create-2023-08-15T21:24:15.531Z","/clone-c66fe/us-central1/api/payments/create-2023-08-15T21:24:15.573Z"],"workRunningCount":2}
[debug] [2023-08-15T21:24:15.575Z] Accepted request POST /clone-c66fe/us-central1/api/payments/create?total=23900 --> us-central1-api
[debug] [2023-08-15T21:24:15.605Z] [functions] Runtime ready! Sending request! {"metadata":{"emulator":{"name":"functions"},"message":"[functions] Runtime ready! Sending request!"}}
[debug] [2023-08-15T21:24:15.607Z] [functions] Got req.url=/clone-c66fe/us-central1/api/payments/create?total=23900, mapping to path=/payments/create?total=23900 {"metadata":{"emulator":{"name":"functions"},"message":"[functions] Got req.url=/clone-c66fe/us-central1/api/payments/create?total=23900, mapping to path=/payments/create?total=23900"}}
[debug] [2023-08-15T21:24:15.608Z] [worker-pool] submitRequest(triggerId=us-central1-api) {"metadata":{"emulator":{"name":"functions"},"message":"[worker-pool] submitRequest(triggerId=us-central1-api)"}}
[info] i  functions: Beginning execution of "us-central1-api" {"metadata":{"emulator":{"name":"functions"},"function":{"name":"us-central1-api"},"extension":{},"message":"Beginning execution of \"us-central1-api\""}}
[debug] [2023-08-15T21:24:15.615Z] [worker-us-central1-api-72b1b50f-6d74-4d4a-8b7c-c5a5bc96692c]: BUSY {"metadata":{"emulator":{"name":"functions"},"function":{"name":"us-central1-api"},"extension":{},"message":"[worker-us-central1-api-72b1b50f-6d74-4d4a-8b7c-c5a5bc96692c]: BUSY"}}
[info] >  Payment Request Recieved BOOM!!! for this amount >>>  23900 {"user":"Payment Request Recieved BOOM!!! for this amount >>>  23900","metadata":{"emulator":{"name":"functions"},"function":{"name":"us-central1-api"},"extension":{},"message":"\u001b[90m> \u001b[39m Payment Request Recieved BOOM!!! for this amount >>>  23900"}}
[info] >  Payment Request Recieved BOOM!!! for this amount >>>  23900 {"user":"Payment Request Recieved BOOM!!! for this amount >>>  23900","metadata":{"emulator":{"name":"functions"},"function":{"name":"us-central1-api"},"extension":{},"message":"\u001b[90m> \u001b[39m Payment Request Recieved BOOM!!! for this amount >>>  23900"}}
[debug] [2023-08-15T21:24:16.009Z] Finishing up request with event=pause {"metadata":{"emulator":{"name":"functions"},"function":{"name":"us-central1-api"},"extension":{},"message":"Finishing up request with event=pause"}}
[info] i  functions: Finished "us-central1-api" in 448.3184ms {"metadata":{"emulator":{"name":"functions"},"function":{"name":"us-central1-api"},"extension":{},"message":"Finished \"us-central1-api\" in 448.3184ms"}}
[debug] [2023-08-15T21:24:16.014Z] [worker-us-central1-api-2142542d-895c-4765-929c-a467adb9e377]: IDLE {"metadata":{"emulator":{"name":"functions"},"function":{"name":"us-central1-api"},"extension":{},"message":"[worker-us-central1-api-2142542d-895c-4765-929c-a467adb9e377]: IDLE"}}
[debug] [2023-08-15T21:24:16.016Z] Finishing up request with event=finish {"metadata":{"emulator":{"name":"functions"},"function":{"name":"us-central1-api"},"extension":{},"message":"Finishing up request with event=finish"}}
[debug] [2023-08-15T21:24:16.017Z] Finishing up request with event=close {"metadata":{"emulator":{"name":"functions"},"function":{"name":"us-central1-api"},"extension":{},"message":"Finishing up request with event=close"}}
[debug] [2023-08-15T21:24:16.018Z] [work-queue] {"queuedWork":[],"queueLength":0,"runningWork":["/clone-c66fe/us-central1/api/payments/create-2023-08-15T21:24:15.573Z"],"workRunningCount":1}
[debug] [2023-08-15T21:24:16.024Z] Finishing up request with event=pause {"metadata":{"emulator":{"name":"functions"},"function":{"name":"us-central1-api"},"extension":{},"message":"Finishing up request with event=pause"}}
[info] i  functions: Finished "us-central1-api" in 410.2371ms {"metadata":{"emulator":{"name":"functions"},"function":{"name":"us-central1-api"},"extension":{},"message":"Finished \"us-central1-api\" in 410.2371ms"}}
[debug] [2023-08-15T21:24:16.029Z] [worker-us-central1-api-72b1b50f-6d74-4d4a-8b7c-c5a5bc96692c]: IDLE {"metadata":{"emulator":{"name":"functions"},"function":{"name":"us-central1-api"},"extension":{},"message":"[worker-us-central1-api-72b1b50f-6d74-4d4a-8b7c-c5a5bc96692c]: IDLE"}}
[debug] [2023-08-15T21:24:16.030Z] Finishing up request with event=finish {"metadata":{"emulator":{"name":"functions"},"function":{"name":"us-central1-api"},"extension":{},"message":"Finishing up request with event=finish"}}
[debug] [2023-08-15T21:24:16.030Z] Finishing up request with event=close {"metadata":{"emulator":{"name":"functions"},"function":{"name":"us-central1-api"},"extension":{},"message":"Finishing up request with event=close"}}
[debug] [2023-08-15T21:24:16.031Z] [work-queue] {"queuedWork":[],"queueLength":0,"runningWork":[],"workRunningCount":0}
