[debug] [2023-08-15T21:26:44.196Z] ----------------------------------------------------------------------
[debug] [2023-08-15T21:26:44.203Z] Command:       C:\Program Files\nodejs\node.exe C:\Users\ykassa\AppData\Roaming\npm\node_modules\firebase-tools\lib\bin\firebase.js init
[debug] [2023-08-15T21:26:44.204Z] CLI Version:   12.4.7
[debug] [2023-08-15T21:26:44.205Z] Platform:      win32
[debug] [2023-08-15T21:26:44.207Z] Node Version:  v18.16.0
[debug] [2023-08-15T21:26:44.218Z] Time:          Tue Aug 15 2023 17:26:44 GMT-0400 (Eastern Daylight Time)
[debug] [2023-08-15T21:26:44.218Z] ----------------------------------------------------------------------
[debug] 
[debug] [2023-08-15T21:26:44.588Z] > command requires scopes: ["email","openid","https://www.googleapis.com/auth/cloudplatformprojects.readonly","https://www.googleapis.com/auth/firebase","https://www.googleapis.com/auth/cloud-platform"]
[debug] [2023-08-15T21:26:44.590Z] > authorizing via signed-in user (yosephkas@gmail.com)
[info] 
     ######## #### ########  ######## ########     ###     ######  ########
     ##        ##  ##     ## ##       ##     ##  ##   ##  ##       ##
     ######    ##  ########  ######   ########  #########  ######  ######
     ##        ##  ##    ##  ##       ##     ## ##     ##       ## ##
     ##       #### ##     ## ######## ########  ##     ##  ######  ########

You're about to initialize a Firebase project in this directory:

  C:\Users\ykassa\Desktop\Yoseph\amazon

Before we get started, keep in mind:

  * You are initializing within an existing Firebase project directory

[info] 
=== Project Setup
[info] 
[info] First, let's associate this project directory with a Firebase project.
[info] You can create multiple project aliases by running firebase use --add, 
[info] but for now we'll just set up a default project.
[info] 
[debug] [2023-08-15T21:27:17.929Z] Using project from CLI flag: clone-c66fe
[debug] [2023-08-15T21:27:17.940Z] > refreshing access token with scopes: []
[debug] [2023-08-15T21:27:17.958Z] >>> [apiv2][query] POST https://www.googleapis.com/oauth2/v3/token [none]
[debug] [2023-08-15T21:27:17.960Z] >>> [apiv2][body] POST https://www.googleapis.com/oauth2/v3/token [omitted]
[debug] [2023-08-15T21:27:18.455Z] <<< [apiv2][status] POST https://www.googleapis.com/oauth2/v3/token 200
[debug] [2023-08-15T21:27:18.456Z] <<< [apiv2][body] POST https://www.googleapis.com/oauth2/v3/token [omitted]
[debug] [2023-08-15T21:27:18.570Z] >>> [apiv2][query] GET https://firebase.googleapis.com/v1beta1/projects/clone-c66fe [none]
[debug] [2023-08-15T21:27:18.873Z] <<< [apiv2][status] GET https://firebase.googleapis.com/v1beta1/projects/clone-c66fe 200
[debug] [2023-08-15T21:27:18.874Z] <<< [apiv2][body] GET https://firebase.googleapis.com/v1beta1/projects/clone-c66fe {"projectId":"clone-c66fe","projectNumber":"415755708013","displayName":"Amazon-clone","name":"projects/clone-c66fe","resources":{"hostingSite":"clone-c66fe"},"state":"ACTIVE","etag":"1_75c87329-f175-43a8-bec7-d3ca2410fb64"}
[info] i  Using project clone-c66fe (Amazon-clone) 
[info] 
=== Hosting Setup
[info] 
[info] Your public directory is the folder (relative to your project directory) that
[info] will contain Hosting assets to be uploaded with firebase deploy. If you
[info] have a build process for your assets, use your build's output directory.
[info] 
[info] +  Wrote public/404.html 
[debug] [2023-08-15T21:27:35.559Z] >>> [apiv2][query] GET https://www.gstatic.com/firebasejs/releases.json [none]
[debug] [2023-08-15T21:27:35.724Z] <<< [apiv2][status] GET https://www.gstatic.com/firebasejs/releases.json 200
[debug] [2023-08-15T21:27:35.724Z] <<< [apiv2][body] GET https://www.gstatic.com/firebasejs/releases.json {"current":{"version":"10.1.0","browserURL":"https://www.gstatic.com/firebasejs/10.1.0/firebase.js","packageURL":"https://www.gstatic.com/firebasejs/10.1.0/firebase.tgz"},"live":{"version":"10.1","browserURL":"https://www.gstatic.com/firebasejs/live/10.1/firebase.js","packageURL":"https://www.gstatic.com/firebasejs/live/10.1/firebase.tgz"},"components":{"analytics":"https://www.gstatic.com/firebasejs/10.1.0/firebase-analytics.js","app":"https://www.gstatic.com/firebasejs/10.1.0/firebase-app.js","app-check":"https://www.gstatic.com/firebasejs/10.1.0/firebase-app-check.js","auth":"https://www.gstatic.com/firebasejs/10.1.0/firebase-auth.js","auth/cordova":"https://www.gstatic.com/firebasejs/10.1.0/firebase-auth/cordova.js","functions":"https://www.gstatic.com/firebasejs/10.1.0/firebase-functions.js","firestore":"https://www.gstatic.com/firebasejs/10.1.0/firebase-firestore.js","firestore/lite":"https://www.gstatic.com/firebasejs/10.1.0/firebase-firestore/lite.js","installations":"https://www.gstatic.com/firebasejs/10.1.0/firebase-installations.js","storage":"https://www.gstatic.com/firebasejs/10.1.0/firebase-storage.js","performance":"https://www.gstatic.com/firebasejs/10.1.0/firebase-performance.js","remote-config":"https://www.gstatic.com/firebasejs/10.1.0/firebase-remote-config.js","messaging":"https://www.gstatic.com/firebasejs/10.1.0/firebase-messaging.js","messaging/sw":"https://www.gstatic.com/firebasejs/10.1.0/firebase-messaging/sw.js","database":"https://www.gstatic.com/firebasejs/10.1.0/firebase-database.js","firestore.memory":"https://www.gstatic.com/firebasejs/10.1.0/firebase-firestore.memory.js"}}
